{"level":"error","message":"127.0.0.1 - there's no place like home rgwegweg wegwege","timestamp":"2023-02-22 20:27:39"}
{"level":"error","message":"Error with server Error: Cannot find module './loaderss'\nRequire stack:\n- E:\\Shoxrux\\online_game\\src\\app.ts","timestamp":"2023-02-22 20:28:09"}
{"level":"error","message":"Error with server Error: Cannot find module './loaderss'\nRequire stack:\n- E:\\Shoxrux\\online_game\\src\\app.ts","timestamp":"2023-02-22 20:32:22"}
{"level":"error","message":"Error with server Error: Cannot find module './loaderss'\nRequire stack:\n- E:\\Shoxrux\\online_game\\src\\app.ts","timestamp":"2023-02-22 20:33:16"}
{"level":"error","message":"Error with server Error: Cannot find module './loaderss'\nRequire stack:\n- E:\\Shoxrux\\online_game\\src\\app.ts","timestamp":"2023-02-22 20:34:25"}
{"level":"error","message":"Error with server Error: Cannot find module './loaderss'\nRequire stack:\n- E:\\Shoxrux\\online_game\\src\\app.ts","timestamp":"2023-02-22 20:34:41"}
{"level":"error","message":"Error with server Error: Cannot find module './loaderss'\nRequire stack:\n- E:\\Shoxrux\\online_game\\src\\app.ts","timestamp":"2023-02-22 20:35:07"}
{"level":"error","message":"Error with server Error: Cannot find module './loaderss'\nRequire stack:\n- E:\\Shoxrux\\online_game\\src\\app.ts","timestamp":"2023-02-22 20:35:15"}
{"level":"error","message":"Error with server Error: Cannot find module './loaderss'\nRequire stack:\n- E:\\Shoxrux\\online_game\\src\\app.ts","timestamp":"2023-02-22 20:36:20"}
{"level":"error","message":"Error with server Error: Cannot find module './loaderss'\nRequire stack:\n- E:\\Shoxrux\\online_game\\src\\app.ts","timestamp":"2023-02-22 20:36:27"}
{"level":"error","message":"Error with server Error: Cannot find module '@/config'\nRequire stack:\n- E:\\Shoxrux\\online_game\\src\\loaders\\postgressql.ts\n- E:\\Shoxrux\\online_game\\src\\loaders\\index.ts\n- E:\\Shoxrux\\online_game\\src\\app.ts","timestamp":"2023-02-22 21:35:55"}
{"level":"error","message":"Error with server Error: Dialect needs to be explicitly supplied as of v4.0.0","timestamp":"2023-02-27 20:55:48"}
{"level":"error","message":"Error with server Error: Please install tedious package manually","timestamp":"2023-02-27 20:56:24"}
{"level":"error","message":":( DB disconnected!","timestamp":"2023-02-27 20:59:31"}
{"error":{"name":"SequelizeConnectionError","original":{"code":"ESOCKET"},"parent":{"code":"ESOCKET"}},"level":"error","message":":( DB disconnected!","timestamp":"2023-02-27 21:00:12"}
{"error":{"name":"SequelizeConnectionError","original":{"code":"ESOCKET"},"parent":{"code":"ESOCKET"}},"level":"error","message":":( DB disconnected!","timestamp":"2023-02-27 21:03:41"}
{"error":{"name":"SequelizeConnectionError","original":{"code":"ESOCKET"},"parent":{"code":"ESOCKET"}},"level":"error","message":":( DB disconnected!","timestamp":"2023-02-27 21:04:32"}
{"error":{"name":"SequelizeConnectionError","original":{"code":"ESOCKET"},"parent":{"code":"ESOCKET"}},"level":"error","message":":( DB disconnected!","timestamp":"2023-02-27 21:04:40"}
{"error":{"name":"SequelizeConnectionError","original":{},"parent":{}},"level":"error","message":":( DB disconnected!","timestamp":"2023-02-27 21:06:21"}
{"error":{"diagnosticCodes":[2551]},"level":"error","message":":( DB disconnected!","timestamp":"2023-02-27 21:14:44"}
{"level":"error","message":"Error with server Error: Cannot find module '@/config'\nRequire stack:\n- E:\\Shoxrux\\online_game\\src\\loaders\\express.ts\n- E:\\Shoxrux\\online_game\\src\\loaders\\index.ts\n- E:\\Shoxrux\\online_game\\src\\app.ts","timestamp":"2023-02-27 21:25:37"}
{"level":"error","message":"Error with server Error: Cannot find module '@/api'\nRequire stack:\n- E:\\Shoxrux\\online_game\\src\\loaders\\express.ts\n- E:\\Shoxrux\\online_game\\src\\loaders\\index.ts\n- E:\\Shoxrux\\online_game\\src\\app.ts","timestamp":"2023-02-27 21:25:56"}
{"level":"error","message":"Error with server TSError: ⨯ Unable to compile TypeScript:\n\u001b[96msrc/api/routes/user.ts\u001b[0m:\u001b[93m8\u001b[0m:\u001b[93m34\u001b[0m - \u001b[91merror\u001b[0m\u001b[90m TS2339: \u001b[0mProperty 'currentUser' does not exist on type 'Request<ParamsDictionary, any, any, ParsedQs, Record<string, any>>'.\r\n\r\n\u001b[7m8\u001b[0m       return res.json({user: req.currentUser}).status(200);\r\n\u001b[7m \u001b[0m \u001b[91m                                 ~~~~~~~~~~~\u001b[0m\r\n","timestamp":"2023-02-27 21:54:56"}
{"level":"error","message":"Error with server TSError: ⨯ Unable to compile TypeScript:\n\u001b[96msrc/api/routes/user.ts\u001b[0m:\u001b[93m8\u001b[0m:\u001b[93m34\u001b[0m - \u001b[91merror\u001b[0m\u001b[90m TS2339: \u001b[0mProperty 'currentUser' does not exist on type 'Request<ParamsDictionary, any, any, ParsedQs, Record<string, any>>'.\r\n\r\n\u001b[7m8\u001b[0m       return res.json({user: req.currentUser}).status(200);\r\n\u001b[7m \u001b[0m \u001b[91m                                 ~~~~~~~~~~~\u001b[0m\r\n","timestamp":"2023-02-27 21:57:23"}
{"level":"error","message":"Error with server TSError: ⨯ Unable to compile TypeScript:\n\u001b[96msrc/api/routes/user.ts\u001b[0m:\u001b[93m8\u001b[0m:\u001b[93m34\u001b[0m - \u001b[91merror\u001b[0m\u001b[90m TS2339: \u001b[0mProperty 'currentUser' does not exist on type 'Request<ParamsDictionary, any, any, ParsedQs, Record<string, any>>'.\r\n\r\n\u001b[7m8\u001b[0m       return res.json({user: req.currentUser}).status(200);\r\n\u001b[7m \u001b[0m \u001b[91m                                 ~~~~~~~~~~~\u001b[0m\r\n","timestamp":"2023-02-27 21:59:01"}
{"level":"error","message":"Error with server TSError: ⨯ Unable to compile TypeScript:\n\u001b[96msrc/api/routes/user.ts\u001b[0m:\u001b[93m8\u001b[0m:\u001b[93m34\u001b[0m - \u001b[91merror\u001b[0m\u001b[90m TS2339: \u001b[0mProperty 'currentUser' does not exist on type 'Request<ParamsDictionary, any, any, ParsedQs, Record<string, any>>'.\r\n\r\n\u001b[7m8\u001b[0m       return res.json({user: req.currentUser}).status(200);\r\n\u001b[7m \u001b[0m \u001b[91m                                 ~~~~~~~~~~~\u001b[0m\r\n","timestamp":"2023-02-27 22:00:54"}
{"level":"error","message":"Error with server TSError: ⨯ Unable to compile TypeScript:\n\u001b[96msrc/api/routes/user.ts\u001b[0m:\u001b[93m8\u001b[0m:\u001b[93m34\u001b[0m - \u001b[91merror\u001b[0m\u001b[90m TS2339: \u001b[0mProperty 'currentUser' does not exist on type 'Request<ParamsDictionary, any, any, ParsedQs, Record<string, any>>'.\r\n\r\n\u001b[7m8\u001b[0m       return res.json({user: req.currentUser}).status(200);\r\n\u001b[7m \u001b[0m \u001b[91m                                 ~~~~~~~~~~~\u001b[0m\r\n","timestamp":"2023-02-27 22:01:00"}
{"level":"error","message":"Error with server TSError: ⨯ Unable to compile TypeScript:\n\u001b[96msrc/api/routes/user.ts\u001b[0m:\u001b[93m8\u001b[0m:\u001b[93m27\u001b[0m - \u001b[91merror\u001b[0m\u001b[90m TS2339: \u001b[0mProperty 'currentUser' does not exist on type 'Request<ParamsDictionary, any, any, ParsedQs, Record<string, any>>'.\r\n\r\n\u001b[7m8\u001b[0m       return res.send(req.currentUser).status(200);\r\n\u001b[7m \u001b[0m \u001b[91m                          ~~~~~~~~~~~\u001b[0m\r\n","timestamp":"2023-02-27 22:06:54"}
{"level":"error","message":"Error with server TSError: ⨯ Unable to compile TypeScript:\n\u001b[96msrc/api/routes/user.ts\u001b[0m:\u001b[93m8\u001b[0m:\u001b[93m27\u001b[0m - \u001b[91merror\u001b[0m\u001b[90m TS2339: \u001b[0mProperty 'currentUser' does not exist on type 'Request<ParamsDictionary, any, any, ParsedQs, Record<string, any>>'.\r\n\r\n\u001b[7m8\u001b[0m       return res.send(req.currentUser).status(200);\r\n\u001b[7m \u001b[0m \u001b[91m                          ~~~~~~~~~~~\u001b[0m\r\n","timestamp":"2023-02-27 22:07:30"}
